Using pre-set license
Built from '2021.1/staging' branch; Version is '2021.1.11f1 (4d8c25f7477e) revision 5082149'; Using compiler version '192528614'; Build Type 'Release'
OS: 'Windows 10 Home; OS build 19043.1288; Version 2009; 64bit' Language: 'es' Physical Memory: 16303 MB
BatchMode: 1, IsHumanControllingUs: 0, StartBugReporterOnCrash: 0, Is64bit: 1, IsPro: 0

 COMMAND LINE ARGUMENTS:
D:\UnityS\2021.1.11f1\Editor\Unity.exe
-adb2
-batchMode
-noUpm
-name
AssetImportWorker0
-projectPath
D:/UNI/5Q/IA/AI_Planner/IA_20_10_21
-logFile
Logs/AssetImportWorker0.log
-srvPort
50015
Successfully changed project path to: D:/UNI/5Q/IA/AI_Planner/IA_20_10_21
D:/UNI/5Q/IA/AI_Planner/IA_20_10_21
Using Asset Import Pipeline V2.
Refreshing native plugins compatible for Editor in 233.76 ms, found 3 plugins.
Preloading 0 native plugins for Editor in 0.00 ms.
Initialize engine version: 2021.1.11f1 (4d8c25f7477e)
[Subsystems] Discovering subsystems at path D:/UnityS/2021.1.11f1/Editor/Data/Resources/UnitySubsystems
[Subsystems] Discovering subsystems at path D:/UNI/5Q/IA/AI_Planner/IA_20_10_21/Assets
GfxDevice: creating device client; threaded=0; jobified=0
Direct3D:
    Version:  Direct3D 11.0 [level 11.1]
    Renderer: NVIDIA GeForce GTX 1050 (ID=0x1c8d)
    Vendor:   NVIDIA
    VRAM:     1979 MB
    Driver:   27.21.14.5751
Initialize mono
Mono path[0] = 'D:/UnityS/2021.1.11f1/Editor/Data/Managed'
Mono path[1] = 'D:/UnityS/2021.1.11f1/Editor/Data/MonoBleedingEdge/lib/mono/unityjit'
Mono config path = 'D:/UnityS/2021.1.11f1/Editor/Data/MonoBleedingEdge/etc'
Using monoOptions --debugger-agent=transport=dt_socket,embedding=1,server=y,suspend=n,address=127.0.0.1:56580
Begin MonoManager ReloadAssembly
Registering precompiled unity dll's ...
Register platform support module: D:/UnityS/2021.1.11f1/Editor/Data/PlaybackEngines/WindowsStandaloneSupport/UnityEditor.WindowsStandalone.Extensions.dll
Registered in 0.011662 seconds.
Native extension for WindowsStandalone target not found
Refreshing native plugins compatible for Editor in 227.24 ms, found 3 plugins.
Preloading 0 native plugins for Editor in 0.00 ms.
Mono: successfully reloaded assembly
- Completed reload, in  3.895 seconds
Domain Reload Profiling:
	ReloadAssembly (3895ms)
		BeginReloadAssembly (200ms)
			ExecutionOrderSort (0ms)
			DisableScriptedObjects (0ms)
			BackupInstance (0ms)
			ReleaseScriptingObjects (0ms)
			CreateAndSetChildDomain (2ms)
		EndReloadAssembly (1366ms)
			LoadAssemblies (187ms)
			RebuildTransferFunctionScriptingTraits (0ms)
			SetupTypeCache (510ms)
			ReleaseScriptCaches (0ms)
			RebuildScriptCaches (83ms)
			SetupLoadedEditorAssemblies (622ms)
				LogAssemblyErrors (0ms)
				InitializePlatformSupportModulesInManaged (18ms)
				SetLoadedEditorAssemblies (1ms)
				RefreshPlugins (227ms)
				BeforeProcessingInitializeOnLoad (3ms)
				ProcessInitializeOnLoadAttributes (287ms)
				ProcessInitializeOnLoadMethodAttributes (85ms)
				AfterProcessingInitializeOnLoad (0ms)
				EditorAssembliesLoaded (1ms)
			ExecutionOrderSort2 (0ms)
			AwakeInstancesAfterBackupRestoration (0ms)
Platform modules already initialized, skipping
Registering precompiled user dll's ...
Registered in 0.035032 seconds.
Begin MonoManager ReloadAssembly
Symbol file LoadedFromMemory doesn't match image D:\UNI\5Q\IA\AI_Planner\IA_20_10_21\Library\PackageCache\com.unity.visualscripting@1.6.1\Editor\VisualScripting.Core\Dependencies\YamlDotNet\Unity.VisualScripting.YamlDotNet.dll
Symbol file LoadedFromMemory doesn't match image D:\UNI\5Q\IA\AI_Planner\IA_20_10_21\Library\PackageCache\com.unity.visualscripting@1.6.1\Editor\VisualScripting.Core\Dependencies\DotNetZip\Unity.VisualScripting.IonicZip.dll
Native extension for WindowsStandalone target not found
Refreshing native plugins compatible for Editor in 1.24 ms, found 3 plugins.
Preloading 0 native plugins for Editor in 0.00 ms.
Mono: successfully reloaded assembly
- Completed reload, in  4.905 seconds
Domain Reload Profiling:
	ReloadAssembly (4907ms)
		BeginReloadAssembly (474ms)
			ExecutionOrderSort (0ms)
			DisableScriptedObjects (12ms)
			BackupInstance (0ms)
			ReleaseScriptingObjects (0ms)
			CreateAndSetChildDomain (50ms)
		EndReloadAssembly (4209ms)
			LoadAssemblies (304ms)
			RebuildTransferFunctionScriptingTraits (0ms)
			SetupTypeCache (972ms)
			ReleaseScriptCaches (1ms)
			RebuildScriptCaches (135ms)
			SetupLoadedEditorAssemblies (2538ms)
				LogAssemblyErrors (0ms)
				InitializePlatformSupportModulesInManaged (14ms)
				SetLoadedEditorAssemblies (1ms)
				RefreshPlugins (1ms)
				BeforeProcessingInitializeOnLoad (249ms)
				ProcessInitializeOnLoadAttributes (650ms)
				ProcessInitializeOnLoadMethodAttributes (1585ms)
				AfterProcessingInitializeOnLoad (37ms)
				EditorAssembliesLoaded (1ms)
			ExecutionOrderSort2 (0ms)
			AwakeInstancesAfterBackupRestoration (18ms)
Platform modules already initialized, skipping
========================================================================
Worker process is ready to serve import requests
Launched and connected shader compiler UnityShaderCompiler.exe after 0.25 seconds
Refreshing native plugins compatible for Editor in 1.21 ms, found 3 plugins.
Preloading 0 native plugins for Editor in 0.00 ms.
Unloading 2992 Unused Serialized files (Serialized files now loaded: 0)
System memory in use before: 106.8 MB.
System memory in use after: 107.0 MB.

Unloading 25 unused Assets to reduce memory usage. Loaded Objects now: 3460.
Total: 6.166600 ms (FindLiveObjects: 0.508600 ms CreateObjectMapping: 0.340700 ms MarkObjects: 5.154000 ms  DeleteObjects: 0.161000 ms)

AssetImportParameters requested are different than current active one (requested -> active):
  custom:framework-win-MediaFoundation: 216162199b28c13a410421893ffa2e32 -> 
  custom:video-decoder-ogg-theora: a1e56fd34408186e4bbccfd4996cb3dc -> 
  custom:container-muxer-webm: aa71ff27fc2769a1b78a27578f13a17b -> 
  custom:container-demuxer-webm: 4f35f7cbe854078d1ac9338744f61a02 -> 
  custom:container-demuxer-ogg: 62fdf1f143b41e24485cea50d1cbac27 -> 
  custom:video-encoder-webm-vp8: eb34c28f22e8b96e1ab97ce403110664 -> 
  custom:video-codec-MediaFoundation-h265: 746d11721c4dcdbdad8f713fa42b33f4 -> 
  custom:video-decoder-webm-vp8: 9c59270c3fd7afecdb556c50c9e8de78 -> 
  custom:audio-decoder-ogg-vorbis: bf7c407c2cedff20999df2af8eb42d56 -> 
  custom:audio-encoder-webm-vorbis: bf7c407c2cedff20999df2af8eb42d56 -> 
========================================================================
Received Import Request.
  path: Assets/Scenes/Escena/LightingData.asset
  artifactKey: Guid(b4936212751a83f96b3b5ad4e285a741) Importer(815301076,1909f56bfc062723c751e8b465ee728b)
Start importing Assets/Scenes/Escena/LightingData.asset using Guid(b4936212751a83f96b3b5ad4e285a741) Importer(815301076,1909f56bfc062723c751e8b465ee728b)  -> (artifact id: 'bf91125579dbcdfb6055b3919e6ece83') in 0.151698 seconds 
========================================================================
Received Import Request.
  Time since last request: 0.000596 seconds.
  path: Assets/Scenes/Escena/ReflectionProbe-0.exr
  artifactKey: Guid(4f7266b30fd19137c9ba9182368cef57) Importer(815301076,1909f56bfc062723c751e8b465ee728b)
Start importing Assets/Scenes/Escena/ReflectionProbe-0.exr using Guid(4f7266b30fd19137c9ba9182368cef57) Importer(815301076,1909f56bfc062723c751e8b465ee728b)  -> (artifact id: '7fe44f48c8a9d0ac6b2147d9c2a0d3d5') in 0.443948 seconds 
========================================================================
Received Import Request.
  Time since last request: 0.000536 seconds.
  path: Assets/Scenes/Escena/NavMesh.asset
  artifactKey: Guid(fbfb279869961dfbd8e527a9db353df7) Importer(815301076,1909f56bfc062723c751e8b465ee728b)
Start importing Assets/Scenes/Escena/NavMesh.asset using Guid(fbfb279869961dfbd8e527a9db353df7) Importer(815301076,1909f56bfc062723c751e8b465ee728b)  -> (artifact id: 'efbdac868a8cc0967f903f751ec509e7') in 0.022188 seconds 
========================================================================
Received Import Request.
  Time since last request: 0.000556 seconds.
  path: Assets/Scenes/Escena
  artifactKey: Guid(ec07a63d4a0c047cf8e7b6919492cd08) Importer(815301076,1909f56bfc062723c751e8b465ee728b)
Start importing Assets/Scenes/Escena using Guid(ec07a63d4a0c047cf8e7b6919492cd08) Importer(815301076,1909f56bfc062723c751e8b465ee728b)  -> (artifact id: '6f06f00a8d9338701e8ce25acd97ff56') in 0.016415 seconds 
========================================================================
Received Import Request.
  Time since last request: 0.000566 seconds.
  path: Assets/Scenes
  artifactKey: Guid(ad178a4418b000d409e72210555e70cb) Importer(815301076,1909f56bfc062723c751e8b465ee728b)
Start importing Assets/Scenes using Guid(ad178a4418b000d409e72210555e70cb) Importer(815301076,1909f56bfc062723c751e8b465ee728b)  -> (artifact id: 'f2b772064120b028518cdc14123b0d69') in 0.018867 seconds 
========================================================================
Received Import Request.
  Time since last request: 6.799275 seconds.
  path: Assets/Scenes/AI_Planner.unity
  artifactKey: Guid(7c6a0e3759f8b7c43aafa81fb3eead25) Importer(815301076,1909f56bfc062723c751e8b465ee728b)
Start importing Assets/Scenes/AI_Planner.unity using Guid(7c6a0e3759f8b7c43aafa81fb3eead25) Importer(815301076,1909f56bfc062723c751e8b465ee728b)  -> (artifact id: '68e8f427cc64bbc09565e03bfe4efa7c') in 0.017264 seconds 
========================================================================
Received Import Request.
  Time since last request: 464.539913 seconds.
  path: Assets/Textures/Grass.png
  artifactKey: Guid(08af1318b195f958f8efff6853dca230) Importer(815301076,1909f56bfc062723c751e8b465ee728b)
Start importing Assets/Textures/Grass.png using Guid(08af1318b195f958f8efff6853dca230) Importer(815301076,1909f56bfc062723c751e8b465ee728b)  -> (artifact id: '2ea779daac2e909ae6a10ee2b57e909b') in 0.169431 seconds 
========================================================================
Received Import Request.
  Time since last request: 0.000589 seconds.
  path: Assets/Textures/Sandy Orange.png
  artifactKey: Guid(babbf685d45b7e05cbc0974f11db8dde) Importer(815301076,1909f56bfc062723c751e8b465ee728b)
Start importing Assets/Textures/Sandy Orange.png using Guid(babbf685d45b7e05cbc0974f11db8dde) Importer(815301076,1909f56bfc062723c751e8b465ee728b)  -> (artifact id: 'f71b8e5e59f49a8e82c2e6178d388eb5') in 0.031380 seconds 
========================================================================
Received Import Request.
  Time since last request: 2.992673 seconds.
  path: Assets/Materials/floor.mat
  artifactKey: Guid(e9a5ab48057f4d0f7a07298f9a3eb8fd) Importer(815301076,1909f56bfc062723c751e8b465ee728b)
Start importing Assets/Materials/floor.mat using Guid(e9a5ab48057f4d0f7a07298f9a3eb8fd) Importer(815301076,1909f56bfc062723c751e8b465ee728b)  -> (artifact id: '725b7326f0c91f6e7429029e453ccf2c') in 0.120602 seconds 
========================================================================
Received Import Request.
  Time since last request: 0.000574 seconds.
  path: Assets/Materials/gold.mat
  artifactKey: Guid(4076d89e1cc0c65b585e767a910b1a69) Importer(815301076,1909f56bfc062723c751e8b465ee728b)
Start importing Assets/Materials/gold.mat using Guid(4076d89e1cc0c65b585e767a910b1a69) Importer(815301076,1909f56bfc062723c751e8b465ee728b)  -> (artifact id: '0e6a99c5ffbd3d2608c208647356b63b') in 0.033433 seconds 
========================================================================
Received Import Request.
  Time since last request: 21.822806 seconds.
  path: Assets/AI_PLanner
  artifactKey: Guid(2cd82a93c2917ce4da4fae857829e412) Importer(815301076,1909f56bfc062723c751e8b465ee728b)
Start importing Assets/AI_PLanner using Guid(2cd82a93c2917ce4da4fae857829e412) Importer(815301076,1909f56bfc062723c751e8b465ee728b)  -> (artifact id: '669d6f0cc17f1b8a4295edb7adf18aa5') in 0.019728 seconds 
========================================================================
Received Import Request.
  Time since last request: 11.928730 seconds.
  path: Assets/AI_PLanner/AI_Planner.unity
  artifactKey: Guid(7c6a0e3759f8b7c43aafa81fb3eead25) Importer(815301076,1909f56bfc062723c751e8b465ee728b)
Start importing Assets/AI_PLanner/AI_Planner.unity using Guid(7c6a0e3759f8b7c43aafa81fb3eead25) Importer(815301076,1909f56bfc062723c751e8b465ee728b)  -> (artifact id: '83eb59a94e7a5c7d65717edf6de13b77') in 0.019069 seconds 
AssetImportWorkerClient::OnTransportError - code=2 error=End of file
